
[2020-04-26T05:53:05.409Z] Getting status...

[2020-04-26T05:53:06.997Z] Getting status... → Done

[2020-04-26T05:53:08.432Z] ⏳  Processing...

[2020-04-26T05:53:08.436Z] Syncing module sources (5 files)...

[2020-04-26T05:53:08.479Z] Syncing module sources (5 files)... → Done (took 0 sec)

[2020-04-26T05:53:08.483Z] Getting build status for v-4af7e87c34...

[2020-04-26T05:53:09.364Z] Building version v-4af7e87c34...

[2020-04-26T05:53:09.442Z] Building node-service:v-4af7e87c34...

[2020-04-26T05:53:17.202Z] Building node-service:v-4af7e87c34... → Done (took 8.7 sec)

[2020-04-26T05:53:17.207Z] Deploying version v-4af7e87c34...

[2020-04-26T05:53:19.378Z] Waiting for resources to be ready...

[2020-04-26T05:53:21.396Z] Resources ready

[2020-04-26T05:53:21.462Z] Deploying version v-4af7e87c34... → Done (took 4.3 sec)

[2020-04-26T05:53:21.467Z] → Ingress: https://analytics.dev/hello

[2020-04-26T05:53:21.479Z] → Forward: http://127.0.0.1:65339 → node-service:8080 (http)

[2020-04-26T05:53:21.494Z] Waiting for code changes...

[2020-04-26T05:53:37.714Z] ⏳  Processing...

[2020-04-26T05:53:37.727Z] ⏳  Processing...

[2020-04-26T05:53:37.742Z] Waiting for code changes...

[2020-04-26T05:53:37.748Z] ⏳  Processing...

[2020-04-26T05:53:37.818Z] Waiting for code changes...

[2020-04-26T05:53:37.825Z] ⏳  Processing...

[2020-04-26T05:53:37.838Z] Waiting for code changes...

[2020-04-26T05:58:04.653Z] Getting status...

[2020-04-26T05:58:06.010Z] Getting status... → Done

[2020-04-26T05:58:07.061Z] Syncing module sources (5 files)...

[2020-04-26T05:58:07.095Z] Syncing module sources (5 files)... → Done (took 0 sec)

[2020-04-26T05:58:07.099Z] Getting build status for v-4af7e87c34...

[2020-04-26T05:58:07.471Z] Getting build status for v-4af7e87c34... → Done (took 0.4 sec)

[2020-04-26T05:58:07.474Z] Deploying version v-4af7e87c34...

[2020-04-26T05:58:07.476Z] Deploying version v-4af7e87c34... → Already deployed

[2020-04-26T05:58:07.478Z] → Ingress: https://analytics.dev/hello

[2020-04-26T05:58:07.496Z] Done! ✔️ 

[2020-04-26T05:58:24.703Z] Getting status...

[2020-04-26T05:58:26.131Z] Getting status... → Done

[2020-04-26T05:58:27.173Z] Call 📞 

[2020-04-26T05:58:27.278Z] Sending HTTPS GET request to https://analytics.dev/hello


[2020-04-26T05:58:30.449Z] Sending HTTPS GET request to https://analytics.dev/hello


[2020-04-26T05:58:44.086Z] Getting status...

[2020-04-26T05:58:45.170Z] Getting status... → Done

[2020-04-26T05:58:46.175Z] Call 📞 

[2020-04-26T05:58:46.278Z] Sending HTTPS GET request to https://analytics.dev/hello


[2020-04-26T05:58:49.353Z] Sending HTTPS GET request to https://analytics.dev/hello


[2020-04-26T06:02:04.353Z] Getting status...

[2020-04-26T06:02:05.745Z] Getting status... → Done

[2020-04-26T06:02:06.804Z] Syncing module sources (5 files)...

[2020-04-26T06:02:06.826Z] Syncing module sources (5 files)... → Done (took 0 sec)

[2020-04-26T06:02:06.829Z] Getting build status for v-4af7e87c34...

[2020-04-26T06:02:07.196Z] Getting build status for v-4af7e87c34... → Done (took 0.4 sec)

[2020-04-26T06:02:07.199Z] Done! ✔️ 

[2020-04-26T06:02:11.126Z] Getting status...

[2020-04-26T06:02:12.233Z] Getting status... → Done

[2020-04-26T06:02:13.252Z] Call 📞 

[2020-04-26T06:02:13.353Z] Sending HTTPS GET request to https://analytics.dev/hello


[2020-04-26T06:02:16.505Z] Sending HTTPS GET request to https://analytics.dev/hello


[2020-04-26T06:02:19.796Z] Getting status...

[2020-04-26T06:02:20.891Z] Getting status... → Done

[2020-04-26T06:02:21.927Z] Call 📞 

[2020-04-26T06:02:22.034Z] Sending HTTPS GET request to https://analytics.dev/hello


[2020-04-26T06:02:25.118Z] Sending HTTPS GET request to https://analytics.dev/hello


[2020-04-26T06:02:26.470Z] Getting status...

[2020-04-26T06:02:27.624Z] Getting status... → Done

[2020-04-26T06:02:28.640Z] Call 📞 

[2020-04-26T06:02:28.751Z] Sending HTTPS GET request to https://analytics.dev/hello


[2020-04-26T06:02:31.896Z] Sending HTTPS GET request to https://analytics.dev/hello


[2020-04-26T06:13:05.353Z] Getting status...

[2020-04-26T06:13:06.719Z] Getting status... → Done

[2020-04-26T06:13:07.782Z] ⏳  Processing...

[2020-04-26T06:13:07.788Z] Syncing module sources (5 files)...

[2020-04-26T06:13:07.829Z] Syncing module sources (5 files)... → Done (took 0 sec)

[2020-04-26T06:13:07.832Z] Getting build status for v-4af7e87c34...

[2020-04-26T06:13:08.193Z] Getting build status for v-4af7e87c34... → Done (took 0.4 sec)

[2020-04-26T06:13:08.197Z] Deploying version v-4af7e87c34...

[2020-04-26T06:13:08.201Z] Deploying version v-4af7e87c34... → Already deployed

[2020-04-26T06:13:08.205Z] → Ingress: https://analytics.dev/hello

[2020-04-26T06:13:08.224Z] → Forward: http://127.0.0.1:54628 → node-service:8080 (http)

[2020-04-26T06:13:08.243Z] Waiting for code changes...

[2020-04-26T06:15:48.340Z] Getting status...

[2020-04-26T06:15:49.552Z] Getting status... → Done

[2020-04-26T06:15:50.750Z] ⏳  Processing...

[2020-04-26T06:15:50.755Z] Syncing module sources (5 files)...

[2020-04-26T06:15:50.805Z] Syncing module sources (5 files)... → Done (took 0 sec)

[2020-04-26T06:15:50.809Z] Getting build status for v-4af7e87c34...

[2020-04-26T06:15:50.993Z] Getting build status for v-4af7e87c34... → Done (took 0.2 sec)

[2020-04-26T06:15:50.998Z] Deploying version v-4af7e87c34...

[2020-04-26T06:15:51.001Z] Deploying version v-4af7e87c34... → Already deployed

[2020-04-26T06:15:51.005Z] → Ingress: https://analytics.dev/hello

[2020-04-26T06:15:51.023Z] → Forward: http://127.0.0.1:55451 → node-service:8080 (http)

[2020-04-26T06:15:51.045Z] Waiting for code changes...
